0 info it worked if it ends with ok
1 verbose cli [ '/Users/connorfrendt/.nvm/versions/node/v6.0.0/bin/node',
1 verbose cli   '/Users/connorfrendt/.nvm/versions/node/v6.0.0/bin/npm',
1 verbose cli   'run',
1 verbose cli   'start-all' ]
2 info using npm@3.8.6
3 info using node@v6.0.0
4 verbose run-script [ 'prestart-all', 'start-all', 'poststart-all' ]
5 info lifecycle money-lit@0.1.0~prestart-all: money-lit@0.1.0
6 silly lifecycle money-lit@0.1.0~prestart-all: no script for prestart-all, continuing
7 info lifecycle money-lit@0.1.0~start-all: money-lit@0.1.0
8 verbose lifecycle money-lit@0.1.0~start-all: unsafe-perm in lifecycle true
9 verbose lifecycle money-lit@0.1.0~start-all: PATH: /Users/connorfrendt/.nvm/versions/node/v6.0.0/lib/node_modules/npm/bin/node-gyp-bin:/Users/connorfrendt/Desktop/Code Projects/money-lit/server/node_modules/.bin:/Users/connorfrendt/.nvm/versions/node/v6.0.0/bin:/Users/connorfrendt/.nvm/versions/node/v6.0.0/bin:/Library/Frameworks/Python.framework/Versions/3.7/bin:/usr/local/bin:/usr/bin:/bin:/usr/sbin:/sbin
10 verbose lifecycle money-lit@0.1.0~start-all: CWD: /Users/connorfrendt/Desktop/Code Projects/money-lit/server
11 silly lifecycle money-lit@0.1.0~start-all: Args: [ '-c', 'npm run db-load-all && npm run start' ]
12 silly lifecycle money-lit@0.1.0~start-all: Returned: code: 1  signal: null
13 info lifecycle money-lit@0.1.0~start-all: Failed to exec start-all script
14 verbose stack Error: money-lit@0.1.0 start-all: `npm run db-load-all && npm run start`
14 verbose stack Exit status 1
14 verbose stack     at EventEmitter.<anonymous> (/Users/connorfrendt/.nvm/versions/node/v6.0.0/lib/node_modules/npm/lib/utils/lifecycle.js:239:16)
14 verbose stack     at emitTwo (events.js:106:13)
14 verbose stack     at EventEmitter.emit (events.js:191:7)
14 verbose stack     at ChildProcess.<anonymous> (/Users/connorfrendt/.nvm/versions/node/v6.0.0/lib/node_modules/npm/lib/utils/spawn.js:24:14)
14 verbose stack     at emitTwo (events.js:106:13)
14 verbose stack     at ChildProcess.emit (events.js:191:7)
14 verbose stack     at maybeClose (internal/child_process.js:850:16)
14 verbose stack     at Process.ChildProcess._handle.onexit (internal/child_process.js:215:5)
15 verbose pkgid money-lit@0.1.0
16 verbose cwd /Users/connorfrendt/Desktop/Code Projects/money-lit/server
17 error Darwin 19.3.0
18 error argv "/Users/connorfrendt/.nvm/versions/node/v6.0.0/bin/node" "/Users/connorfrendt/.nvm/versions/node/v6.0.0/bin/npm" "run" "start-all"
19 error node v6.0.0
20 error npm  v3.8.6
21 error code ELIFECYCLE
22 error money-lit@0.1.0 start-all: `npm run db-load-all && npm run start`
22 error Exit status 1
23 error Failed at the money-lit@0.1.0 start-all script 'npm run db-load-all && npm run start'.
23 error Make sure you have the latest version of node.js and npm installed.
23 error If you do, this is most likely a problem with the money-lit package,
23 error not with npm itself.
23 error Tell the author that this fails on your system:
23 error     npm run db-load-all && npm run start
23 error You can get information on how to open an issue for this project with:
23 error     npm bugs money-lit
23 error Or if that isn't available, you can get their info via:
23 error     npm owner ls money-lit
23 error There is likely additional logging output above.
24 verbose exit [ 1, true ]
